Array
(
    [carte_nom] => Chimère Sanglante
)
Array
(
    [carte_nom] => Chimère Sanglante
)
Array
(
    [carte_nom] => Golem Mécanique
)
Array
(
    [carte_nom] => Serpent des Sables
)
Array
(
    [carte_nom] => Serpent des Sables
)
Array
(
    [carte_nom] => Gardien Spectral
)
Array
(
    [carte_nom] => Golem Mécanique
)
Array
(
    [carte_nom] => Titan du Néant
)
Array
(
    [carte_nom] => Golem Mécanique
)
Array
(
    [carte_nom] => Golem Mécanique
)
Array
(
    [carte_nom] => Golem Mécanique
)
Array
(
    [carte_nom] => Serpent des Sables
)
Carte reçue: Gobelin Pyromane
Carte reçue: Gardien Spectral
Résultat trouvé: Array
(
    [id] => 5
    [0] => 5
)

Carte reçue: Serpent des Sables
Résultat trouvé: Array
(
    [id] => 2
    [0] => 2
)

Carte reçue: Serpent des Sables
Résultat trouvé: Array
(
    [id] => 2
    [0] => 2
)

Carte reçue: Gobelin Pyromane
Résultat trouvé: Array
(
    [id] => 1
    [0] => 1
)

Carte reçue: Serpent des Sables
Résultat trouvé: Array
(
    [id] => 2
    [0] => 2
)

Carte reçue: Serpent des Sables
Résultat trouvé: Array
(
    [id] => 2
    [0] => 2
)

Carte reçue: Chimère Sanglante
Résultat trouvé: Array
(
    [id] => 4
    [0] => 4
)

Carte reçue: Gardien Spectral
Résultat trouvé: Array
(
    [id] => 5
    [0] => 5
)

Carte reçue: Gobelin Pyromane
Résultat trouvé: Array
(
    [id] => 1
    [0] => 1
)

Reçu JS → ID: 1 | Nom: Gobelin Pyromane
Final: Carte ID insérée = 1
BUY.PHP appelé
▶ ID: 6 | Nom: Dragon du Néant
✅ Carte ID 6 sauvegardée pour joueur 2
▶ ID: 2 | Nom: Serpent des Sables
✅ Carte ID 2 sauvegardée pour joueur 2
▶ ID: 2 | Nom: Serpent des Sables
✅ Carte ID 2 sauvegardée pour joueur 2
▶ ID: 3 | Nom: Golem Mécanique
✅ Carte ID 3 sauvegardée pour joueur 2
▶ ID: 1 | Nom: Gobelin Pyromane
✅ Carte ID 1 sauvegardée pour joueur 2
▶ ID: 5 | Nom: Gardien Spectral
✅ Carte ID 5 sauvegardée pour joueur 2
▶ ID: 3 | Nom: Golem Mécanique
✅ Carte ID 3 sauvegardée pour joueur 2
▶ ID: 6 | Nom: Dragon du Néant
✅ Carte ID 6 sauvegardée pour joueur 2
▶ ID: 2 | Nom: Serpent des Sables
✅ Carte ID 2 sauvegardée pour joueur 2
▶ ID: 1 | Nom: Gobelin Pyromane
✅ Carte ID 1 sauvegardée pour joueur 2
▶ ID: 3 | Nom: Golem Mécanique
✅ Carte ID 3 sauvegardée pour joueur 2
▶ ID: 2 | Nom: Serpent des Sables
✅ Carte ID 2 sauvegardée pour joueur 2
▶ ID: 1 | Nom: Gobelin Pyromane
✅ Carte ID 1 sauvegardée pour joueur 2
▶ ID: 8 | Nom: Roi des Profondeurs
✅ Carte ID 8 sauvegardée pour joueur 2
▶ ID: 2 | Nom: Serpent des Sables
✅ Carte ID 2 sauvegardée pour joueur 2
▶ ID: 3 | Nom: Golem Mécanique
✅ Carte ID 3 sauvegardée pour joueur 2
▶ ID: 3 | Nom: Golem Mécanique
✅ Carte ID 3 sauvegardée pour joueur 2
▶ ID: 2 | Nom: Serpent des Sables
✅ Carte ID 2 sauvegardée pour joueur 2
▶ ID: 10 | Nom: Seigneur du Chaos Abyssal
✅ Carte ID 10 sauvegardée pour joueur 2
▶ ID: 6 | Nom: Dragon du Néant
✅ Carte ID 6 sauvegardée pour joueur 2
▶ ID: 3 | Nom: Golem Mécanique
✅ Carte ID 3 sauvegardée pour joueur 2
▶ ID: 3 | Nom: Golem Mécanique
✅ Carte ID 3 sauvegardée pour joueur 2
▶ ID: 1 | Nom: Gobelin Pyromane
✅ Carte ID 1 sauvegardée pour joueur 2
▶ ID: 7 | Nom: Chevalier de la Faille
✅ Carte ID 7 sauvegardée pour joueur 2
▶ ID: 1 | Nom: Gobelin Pyromane
✅ Carte ID 1 sauvegardée pour joueur 2
▶ ID: 2 | Nom: Serpent des Sables
✅ Carte ID 2 sauvegardée pour joueur 2
▶ ID: 7 | Nom: Chevalier de la Faille
✅ Carte ID 7 sauvegardée pour joueur 2
▶ ID: 1 | Nom: Gobelin Pyromane
✅ Carte ID 1 sauvegardée pour joueur 2
▶ ID: 4 | Nom: Chimère Sanglante
✅ Carte ID 4 sauvegardée pour joueur 2
▶ ID: 9 | Nom: Titan du Néant
✅ Carte ID 9 sauvegardée pour joueur 2
▶ ID: 6 | Nom: Dragon du Néant
✅ Carte ID 6 sauvegardée pour joueur 2
▶ ID: 6 | Nom: Dragon du Néant
✅ Carte ID 6 sauvegardée pour joueur 2
▶ ID: 2 | Nom: Serpent des Sables
✅ Carte ID 2 sauvegardée pour joueur 2
▶ ID: 8 | Nom: Roi des Profondeurs
✅ Carte ID 8 sauvegardée pour joueur 2
▶ ID: 1 | Nom: Gobelin Pyromane
✅ Carte ID 1 sauvegardée pour joueur 2
▶ ID: 10 | Nom: Seigneur du Chaos Abyssal
✅ Carte ID 10 sauvegardée pour joueur 2
▶ ID: 9 | Nom: Titan du Néant
✅ Carte ID 9 sauvegardée pour joueur 2
▶ ID: 6 | Nom: Dragon du Néant
✅ Carte ID 6 sauvegardée pour joueur 2
▶ ID: 7 | Nom: Chevalier de la Faille
✅ Carte ID 7 sauvegardée pour joueur 2
▶ ID: 1 | Nom: Gobelin Pyromane
✅ Carte ID 1 sauvegardée pour joueur 2
▶ ID: 10 | Nom: Seigneur du Chaos Abyssal
✅ Carte ID 10 sauvegardée pour joueur 2
▶ ID: 2 | Nom: Serpent des Sables
✅ Carte ID 2 sauvegardée pour joueur 2
▶ ID: 9 | Nom: Titan du Néant
✅ Carte ID 9 sauvegardée pour joueur 2
▶ ID: 9 | Nom: Titan du Néant
✅ Carte ID 9 sauvegardée pour joueur 2
▶ ID: 7 | Nom: Chevalier de la Faille
✅ Carte ID 7 sauvegardée pour joueur 2
▶ ID: 5 | Nom: Gardien Spectral
✅ Carte ID 5 sauvegardée pour joueur 2
▶ ID: 4 | Nom: Chimère Sanglante
✅ Carte ID 4 sauvegardée pour joueur 2
▶ ID: 4 | Nom: Chimère Sanglante
✅ Carte ID 4 sauvegardée pour joueur 2
▶ ID: 1 | Nom: Gobelin Pyromane
✅ Carte ID 1 sauvegardée pour joueur 2
▶ ID: 2 | Nom: Serpent des Sables
✅ Carte ID 2 sauvegardée pour joueur 2
▶ ID: 7 | Nom: Chevalier de la Faille
✅ Carte ID 7 sauvegardée pour joueur 2
▶ ID: 3 | Nom: Golem Mécanique
✅ Carte ID 3 sauvegardée pour joueur 2
▶ ID: 2 | Nom: Serpent des Sables
✅ Carte ID 2 sauvegardée pour joueur 2
▶ ID: 7 | Nom: Chevalier de la Faille
✅ Carte ID 7 sauvegardée pour joueur 2
▶ ID: 5 | Nom: Gardien Spectral
✅ Carte ID 5 sauvegardée pour joueur 2
▶ ID: 1 | Nom: Gobelin Pyromane
✅ Carte ID 1 sauvegardée pour joueur 2
▶ ID: 6 | Nom: Dragon du Néant
✅ Carte ID 6 sauvegardée pour joueur 2
▶ ID: 3 | Nom: Golem Mécanique
✅ Carte ID 3 sauvegardée pour joueur 2
▶ ID: 2 | Nom: Serpent des Sables
✅ Carte ID 2 sauvegardée pour joueur 2
