▶ ID: 1 | Nom: Gobelin Pyromane | Username: 
✅ Carte ID 1 sauvegardée pour joueur 8
▶ ID: 1 | Nom: Gobelin Pyromane | Username: 
✅ Carte ID 1 sauvegardée pour joueur 8
▶ ID: 3 | Nom: Golem Mécanique | Username: 
✅ Carte ID 3 sauvegardée pour joueur 8
▶ ID: 3 | Nom: Golem Mécanique | Username: 
✅ Carte ID 3 sauvegardée pour joueur 8
▶ ID: 1 | Nom: Gobelin Pyromane | Username: 
✅ Carte ID 1 sauvegardée pour joueur 8
▶ ID: 5 | Nom: Gardien Spectral | Username: 
✅ Carte ID 5 sauvegardée pour joueur 8
▶ ID: 3 | Nom: Golem Mécanique | Username: 
✅ Carte ID 3 sauvegardée pour joueur 8
▶ ID: 8 | Nom: Roi des Profondeurs | Username: 
✅ Carte ID 8 sauvegardée pour joueur 8
▶ ID: 1 | Nom: Gobelin Pyromane | Username: 
✅ Carte ID 1 sauvegardée pour joueur 9
▶ ID: 7 | Nom: Chevalier de la Faille | Username: 
✅ Carte ID 7 sauvegardée pour joueur 9
▶ ID: 5 | Nom: Gardien Spectral | Username: 
✅ Carte ID 5 sauvegardée pour joueur 9
▶ ID: 2 | Nom: Serpent des Sables | Username: 
✅ Carte ID 2 sauvegardée pour joueur 9
▶ ID: 1 | Nom: Gobelin Pyromane | Username: 
✅ Carte ID 1 sauvegardée pour joueur 9
▶ ID: 6 | Nom: Dragon du Néant | Username: 
✅ Carte ID 6 sauvegardée pour joueur 9
▶ ID: 2 | Nom: Serpent des Sables | Username: 
✅ Carte ID 2 sauvegardée pour joueur 9
▶ ID: 4 | Nom: Chimère Sanglante | Username: 
✅ Carte ID 4 sauvegardée pour joueur 9
▶ ID: 2 | Nom: Serpent des Sables | Username: 
✅ Carte ID 2 sauvegardée pour joueur 9
▶ ID: 1 | Nom: Gobelin Pyromane | Username: 
✅ Carte ID 1 sauvegardée pour joueur 9
▶ ID: 8 | Nom: Roi des Profondeurs | Username: 
✅ Carte ID 8 sauvegardée pour joueur 9
▶ ID: 2 | Nom: Serpent des Sables | Username: 
✅ Carte ID 2 sauvegardée pour joueur 9
▶ ID: 4 | Nom: Chimère Sanglante | Username: 
✅ Carte ID 4 sauvegardée pour joueur 9
▶ ID: 3 | Nom: Golem Mécanique | Username: 
✅ Carte ID 3 sauvegardée pour joueur 9
▶ ID: 4 | Nom: Chimère Sanglante | Username: 
✅ Carte ID 4 sauvegardée pour joueur 9
▶ ID: 3 | Nom: Golem Mécanique | Username: 
✅ Carte ID 3 sauvegardée pour joueur 9
▶ ID: 2 | Nom: Serpent des Sables | Username: 
✅ Carte ID 2 sauvegardée pour joueur 9
▶ ID: 1 | Nom: Gobelin Pyromane | Username: 
✅ Carte ID 1 sauvegardée pour joueur 9
▶ ID: 2 | Nom: Serpent des Sables | Username: 
✅ Carte ID 2 sauvegardée pour joueur 9
▶ ID: 3 | Nom: Golem Mécanique | Username: 
✅ Carte ID 3 sauvegardée pour joueur 9
▶ ID: 6 | Nom: Dragon du Néant | Username: 
✅ Carte ID 6 sauvegardée pour joueur 9
▶ ID: 2 | Nom: Serpent des Sables | Username: 
✅ Carte ID 2 sauvegardée pour joueur 9
▶ ID: 7 | Nom: Chevalier de la Faille | Username: 
✅ Carte ID 7 sauvegardée pour joueur 9
▶ ID: 1 | Nom: Gobelin Pyromane | Username: 
✅ Carte ID 1 sauvegardée pour joueur 9
▶ ID: 3 | Nom: Golem Mécanique | Username: 
✅ Carte ID 3 sauvegardée pour joueur 9
▶ ID: 3 | Nom: Golem Mécanique | Username: 
✅ Carte ID 3 sauvegardée pour joueur 9
▶ ID: 1 | Nom: Gobelin Pyromane | Username: 
✅ Carte ID 1 sauvegardée pour joueur 9
▶ ID: 2 | Nom: Serpent des Sables | Username: 
✅ Carte ID 2 sauvegardée pour joueur 9
▶ ID: 1 | Nom: Gobelin Pyromane | Username: 
✅ Carte ID 1 sauvegardée pour joueur 9
▶ ID: 4 | Nom: Chimère Sanglante | Username: 
✅ Carte ID 4 sauvegardée pour joueur 9
▶ ID: 2 | Nom: Serpent des Sables | Username: 
✅ Carte ID 2 sauvegardée pour joueur 9
▶ ID: 1 | Nom: Gobelin Pyromane | Username: 
✅ Carte ID 1 sauvegardée pour joueur 9
▶ ID: 3 | Nom: Golem Mécanique | Username: 
✅ Carte ID 3 sauvegardée pour joueur 9
▶ ID: 3 | Nom: Golem Mécanique | Username: 
✅ Carte ID 3 sauvegardée pour joueur 9
▶ ID: 1 | Nom: Gobelin Pyromane | Username: 
✅ Carte ID 1 sauvegardée pour joueur 9
▶ ID: 2 | Nom: Serpent des Sables | Username: 
✅ Carte ID 2 sauvegardée pour joueur 9
▶ ID: 2 | Nom: Serpent des Sables | Username: 
✅ Carte ID 2 sauvegardée pour joueur 9
▶ ID: 4 | Nom: Chimère Sanglante | Username: 
✅ Carte ID 4 sauvegardée pour joueur 9
